-------------------------------------------------------------------------------
Test set: ru.netology.javaqadiplom.SavingAccountTest
-------------------------------------------------------------------------------
Tests run: 1, Failures: 1, Errors: 0, Skipped: 0, Time elapsed: 0.023 s <<< FAILURE! - in ru.netology.javaqadiplom.SavingAccountTest
shouldAddLessThanMaxBalance  Time elapsed: 0.023 s  <<< FAILURE!
org.opentest4j.AssertionFailedError: expected: <5000> but was: <3000>
	at ru.netology.javaqadiplom.SavingAccountTest.shouldAddLessThanMaxBalance(SavingAccountTest.java:19)

