<?xml version="1.0" encoding="UTF-8"?>
<testsuite xmlns:xsi="http://www.w3.org/2001/XMLSchema-instance" xsi:noNamespaceSchemaLocation="https://maven.apache.org/surefire/maven-surefire-plugin/xsd/surefire-test-report.xsd" name="ru.netology.javaqadiplom.SavingAccountTest" time="0.023" tests="1" errors="0" skipped="0" failures="1">
  <properties>
[...]
</properties>
  <testcase name="shouldAddLessThanMaxBalance" classname="ru.netology.javaqadiplom.SavingAccountTest" time="0.023">
    <failure message="expected: &lt;5000&gt; but was: &lt;3000&gt;" type="org.opentest4j.AssertionFailedError"><![CDATA[org.opentest4j.AssertionFailedError: expected: <5000> but was: <3000>
	at ru.netology.javaqadiplom.SavingAccountTest.shouldAddLessThanMaxBalance(SavingAccountTest.java:19)
]]></failure>
  </testcase>
</testsuite>